
INFO: La aplicación ha iniciado.
May 24, 2025 1:18:14 PM org.example.parte2A.WallPostUI lambda$wireComponents$0
INFO: Se hizo clic en 'Like'.
May 24, 2025 1:18:14 PM org.example.parte2A.WallPostUI lambda$wireComponents$0
INFO: Se hizo clic en 'Like'.
May 24, 2025 1:18:15 PM org.example.parte2A.WallPostUI lambda$wireComponents$0
INFO: Se hizo clic en 'Like'.
May 24, 2025 1:18:15 PM org.example.parte2A.WallPostUI lambda$wireComponents$0
INFO: Se hizo clic en 'Like'.
May 24, 2025 1:18:16 PM org.example.parte2A.WallPostUI lambda$wireComponents$0
INFO: Se hizo clic en 'Like'.
May 24, 2025 1:18:16 PM org.example.parte2A.WallPostUI lambda$wireComponents$0
INFO: Se hizo clic en 'Like'.
May 24, 2025 1:18:16 PM org.example.parte2A.WallPostUI lambda$wireComponents$0
INFO: Se hizo clic en 'Like'.
May 24, 2025 1:18:17 PM org.example.parte2A.WallPostUI lambda$wireComponents$0
INFO: Se hizo clic en 'Like'.
May 24, 2025 1:18:17 PM org.example.parte2A.WallPostUI lambda$wireComponents$0
INFO: Se hizo clic en 'Like'.
May 24, 2025 1:18:17 PM org.example.parte2A.WallPostUI lambda$wireComponents$0
INFO: Se hizo clic en 'Like'.
May 24, 2025 1:18:19 PM org.example.parte2A.WallPostUI lambda$wireComponents$0
INFO: Se hizo clic en 'Like'.
May 24, 2025 1:18:20 PM org.example.parte2A.WallPostUI lambda$wireComponents$1
INFO: Se hizo clic en 'Dislike'.
May 24, 2025 1:18:20 PM org.example.parte2A.WallPostUI lambda$wireComponents$2
INFO: Se cambió el estado de destacado del post.
May 24, 2025 1:18:21 PM org.example.parte2A.WallPostUI lambda$wireComponents$0
INFO: Se hizo clic en 'Like'.
May 24, 2025 1:18:21 PM org.example.parte2A.WallPostUI lambda$wireComponents$1
INFO: Se hizo clic en 'Dislike'.
May 24, 2025 1:18:21 PM org.example.parte2A.WallPostUI lambda$wireComponents$1
INFO: Se hizo clic en 'Dislike'.
May 24, 2025 1:18:22 PM org.example.parte2A.WallPostUI lambda$wireComponents$1
INFO: Se hizo clic en 'Dislike'.
May 24, 2025 1:18:22 PM org.example.parte2A.WallPostUI lambda$wireComponents$0
INFO: Se hizo clic en 'Like'.
May 24, 2025 1:18:22 PM org.example.parte2A.WallPostUI lambda$wireComponents$0
INFO: Se hizo clic en 'Like'.
May 24, 2025 1:18:23 PM org.example.parte2A.WallPostUI lambda$wireComponents$1
INFO: Se hizo clic en 'Dislike'.
May 24, 2025 1:18:23 PM org.example.parte2A.WallPostUI lambda$wireComponents$1
INFO: Se hizo clic en 'Dislike'.
May 24, 2025 1:18:23 PM org.example.parte2A.WallPostUI lambda$wireComponents$1
INFO: Se hizo clic en 'Dislike'.
May 24, 2025 1:18:23 PM org.example.parte2A.WallPostUI lambda$wireComponents$1
INFO: Se hizo clic en 'Dislike'.
May 24, 2025 1:18:23 PM org.example.parte2A.WallPostUI lambda$wireComponents$1
INFO: Se hizo clic en 'Dislike'.
May 24, 2025 1:18:24 PM org.example.parte2A.WallPostUI lambda$wireComponents$1
INFO: Se hizo clic en 'Dislike'.
May 24, 2025 1:18:24 PM org.example.parte2A.WallPostUI lambda$wireComponents$1
INFO: Se hizo clic en 'Dislike'.
May 24, 2025 1:18:24 PM org.example.parte2A.WallPostUI lambda$wireComponents$1
INFO: Se hizo clic en 'Dislike'.
May 24, 2025 1:18:24 PM org.example.parte2A.WallPostUI lambda$wireComponents$1
INFO: Se hizo clic en 'Dislike'.
May 24, 2025 1:18:24 PM org.example.parte2A.WallPostUI lambda$wireComponents$1
INFO: Se hizo clic en 'Dislike'.
May 24, 2025 1:18:25 PM org.example.parte2A.WallPostUI lambda$wireComponents$1
INFO: Se hizo clic en 'Dislike'.
May 24, 2025 1:18:25 PM org.example.parte2A.WallPostUI lambda$wireComponents$1
INFO: Se hizo clic en 'Dislike'.
May 24, 2025 1:18:25 PM org.example.parte2A.WallPostUI lambda$wireComponents$1
INFO: Se hizo clic en 'Dislike'.
May 24, 2025 1:18:26 PM org.example.parte2A.WallPostUI lambda$wireComponents$0
INFO: Se hizo clic en 'Like'.
May 24, 2025 1:18:26 PM org.example.parte2A.WallPostUI lambda$wireComponents$0
INFO: Se hizo clic en 'Like'.
May 24, 2025 1:18:26 PM org.example.parte2A.WallPostUI lambda$wireComponents$0
INFO: Se hizo clic en 'Like'.
May 24, 2025 1:18:27 PM org.example.parte2A.WallPostUI lambda$wireComponents$0
INFO: Se hizo clic en 'Like'.
May 24, 2025 1:18:27 PM org.example.parte2A.WallPostUI lambda$wireComponents$0
INFO: Se hizo clic en 'Like'.
May 24, 2025 1:18:27 PM org.example.parte2A.WallPostUI lambda$wireComponents$0
INFO: Se hizo clic en 'Like'.
May 24, 2025 1:18:27 PM org.example.parte2A.WallPostUI lambda$wireComponents$0
INFO: Se hizo clic en 'Like'.
May 24, 2025 1:18:28 PM org.example.parte2A.WallPostUI lambda$wireComponents$0
INFO: Se hizo clic en 'Like'.
May 24, 2025 1:18:28 PM org.example.parte2A.WallPostUI lambda$wireComponents$0
INFO: Se hizo clic en 'Like'.
May 24, 2025 1:18:28 PM org.example.parte2A.WallPostUI lambda$wireComponents$0
INFO: Se hizo clic en 'Like'.
May 24, 2025 1:18:28 PM org.example.parte2A.WallPostUI lambda$wireComponents$0
INFO: Se hizo clic en 'Like'.
May 24, 2025 1:18:30 PM org.example.parte2A.WallPostUI$1 insertUpdate
INFO: Se actualizó el texto del post.
May 24, 2025 1:18:30 PM org.example.parte2A.WallPostUI$1 insertUpdate
INFO: Se actualizó el texto del post.
May 24, 2025 1:18:30 PM org.example.parte2A.WallPostUI$1 insertUpdate
INFO: Se actualizó el texto del post.
May 24, 2025 1:18:30 PM org.example.parte2A.WallPostUI$1 insertUpdate
INFO: Se actualizó el texto del post.
May 24, 2025 1:18:31 PM org.example.parte2A.WallPostUI$1 insertUpdate
INFO: Se actualizó el texto del post.
May 24, 2025 1:18:32 PM org.example.parte2A.WallPostUI$1 removeUpdate
INFO: Se actualizó el texto del post.
May 24, 2025 1:18:44 PM org.example.parte2A.WallPostUI lambda$wireComponents$0
INFO: Se hizo clic en 'Like'.
May 24, 2025 1:18:44 PM org.example.parte2A.WallPostUI lambda$wireComponents$0
INFO: Se hizo clic en 'Like'.
May 24, 2025 1:18:44 PM org.example.parte2A.WallPostUI lambda$wireComponents$0
INFO: Se hizo clic en 'Like'.
May 24, 2025 1:18:44 PM org.example.parte2A.WallPostUI lambda$wireComponents$0
INFO: Se hizo clic en 'Like'.
May 24, 2025 1:20:28 PM Ejercicio1Application main
INFO: La aplicación ha iniciado.
May 24, 2025 1:20:32 PM org.example.parte2A.WallPostUI$1 insertUpdate
INFO: Se actualizó el texto del post.
May 24, 2025 1:20:32 PM org.example.parte2A.WallPostUI$1 insertUpdate
INFO: Se actualizó el texto del post.
May 24, 2025 1:20:32 PM org.example.parte2A.WallPostUI$1 insertUpdate
INFO: Se actualizó el texto del post.
May 24, 2025 1:20:32 PM org.example.parte2A.WallPostUI$1 insertUpdate
INFO: Se actualizó el texto del post.
May 24, 2025 1:20:33 PM org.example.parte2A.WallPostUI lambda$wireComponents$2
INFO: Se cambió el estado de destacado del post.
May 24, 2025 1:20:33 PM org.example.parte2A.WallPostUI lambda$wireComponents$0
INFO: Se hizo clic en 'Like'.
May 24, 2025 1:20:34 PM org.example.parte2A.WallPostUI lambda$wireComponents$0
INFO: Se hizo clic en 'Like'.
May 24, 2025 1:20:34 PM org.example.parte2A.WallPostUI lambda$wireComponents$3
INFO: Mensaje enviado: Hola
